2025-12-09 19:09:47,544 - loggers.assessment_reader_logger - INFO - Found files to read under: 34080 C:\license_assessments\extracted\ubi8-java8-assessment
2025-12-09 19:09:47,544 - loggers.assessment_reader_logger - INFO - File empty: C:\license_assessments\extracted\ubi8-java8-assessment\my-ubi8-java8\blobs\sha256\8f42ad26ccdae7ec04dac9501e3c011a88c8663559699974ecf1697999914f0d_extracted\etc\.pwd.lock
2025-12-09 19:09:47,546 - loggers.assessment_reader_logger - INFO - File empty: C:\license_assessments\extracted\ubi8-java8-assessment\my-ubi8-java8\blobs\sha256\8f42ad26ccdae7ec04dac9501e3c011a88c8663559699974ecf1697999914f0d_extracted\etc\crypttab
2025-12-09 19:09:47,547 - loggers.assessment_reader_logger - INFO - File empty: C:\license_assessments\extracted\ubi8-java8-assessment\my-ubi8-java8\blobs\sha256\8f42ad26ccdae7ec04dac9501e3c011a88c8663559699974ecf1697999914f0d_extracted\etc\environment
2025-12-09 19:09:47,547 - loggers.assessment_reader_logger - INFO - File empty: C:\license_assessments\extracted\ubi8-java8-assessment\my-ubi8-java8\blobs\sha256\8f42ad26ccdae7ec04dac9501e3c011a88c8663559699974ecf1697999914f0d_extracted\etc\exports
2025-12-09 19:09:47,548 - loggers.assessment_reader_logger - INFO - File empty: C:\license_assessments\extracted\ubi8-java8-assessment\my-ubi8-java8\blobs\sha256\8f42ad26ccdae7ec04dac9501e3c011a88c8663559699974ecf1697999914f0d_extracted\etc\machine-id
2025-12-09 19:09:47,549 - loggers.assessment_reader_logger - INFO - File empty: C:\license_assessments\extracted\ubi8-java8-assessment\my-ubi8-java8\blobs\sha256\8f42ad26ccdae7ec04dac9501e3c011a88c8663559699974ecf1697999914f0d_extracted\etc\motd
2025-12-09 19:09:47,552 - loggers.assessment_reader_logger - INFO - File empty: C:\license_assessments\extracted\ubi8-java8-assessment\my-ubi8-java8\blobs\sha256\8f42ad26ccdae7ec04dac9501e3c011a88c8663559699974ecf1697999914f0d_extracted\etc\subgid
2025-12-09 19:09:47,552 - loggers.assessment_reader_logger - INFO - File empty: C:\license_assessments\extracted\ubi8-java8-assessment\my-ubi8-java8\blobs\sha256\8f42ad26ccdae7ec04dac9501e3c011a88c8663559699974ecf1697999914f0d_extracted\etc\subuid
2025-12-09 19:09:48,099 - loggers.assessment_reader_logger - INFO - File empty: C:\license_assessments\extracted\ubi8-java8-assessment\my-ubi8-java8\blobs\sha256\8f42ad26ccdae7ec04dac9501e3c011a88c8663559699974ecf1697999914f0d_extracted\usr\share\crypto-policies\EMPTY\libssh.txt
2025-12-09 19:09:48,116 - loggers.assessment_reader_logger - INFO - File empty: C:\license_assessments\extracted\ubi8-java8-assessment\my-ubi8-java8\blobs\sha256\8f42ad26ccdae7ec04dac9501e3c011a88c8663559699974ecf1697999914f0d_extracted\usr\share\pki\ca-trust-legacy\ca-bundle.legacy.default.crt
2025-12-09 19:09:48,118 - loggers.assessment_reader_logger - INFO - File empty: C:\license_assessments\extracted\ubi8-java8-assessment\my-ubi8-java8\blobs\sha256\8f42ad26ccdae7ec04dac9501e3c011a88c8663559699974ecf1697999914f0d_extracted\usr\share\pki\ca-trust-legacy\ca-bundle.legacy.disable.crt
2025-12-09 19:09:48,136 - loggers.assessment_reader_logger - INFO - File empty: C:\license_assessments\extracted\ubi8-java8-assessment\my-ubi8-java8\blobs\sha256\8f42ad26ccdae7ec04dac9501e3c011a88c8663559699974ecf1697999914f0d_extracted\var\lib\rpm\.rpm.lock
2025-12-09 19:09:48,137 - loggers.assessment_reader_logger - INFO - File empty: C:\license_assessments\extracted\ubi8-java8-assessment\my-ubi8-java8\blobs\sha256\8f42ad26ccdae7ec04dac9501e3c011a88c8663559699974ecf1697999914f0d_extracted\var\lib\rpm\.dbenv.lock
2025-12-09 19:09:48,138 - loggers.assessment_reader_logger - INFO - File empty: C:\license_assessments\extracted\ubi8-java8-assessment\my-ubi8-java8\blobs\sha256\ae25f9cb21ba728b911953a0e3b3e04889240cbe64143cce215621094e690eaa_extracted\etc\.pwd.lock
2025-12-09 19:09:48,157 - loggers.assessment_reader_logger - INFO - File empty: C:\license_assessments\extracted\ubi8-java8-assessment\my-ubi8-java8\blobs\sha256\ae25f9cb21ba728b911953a0e3b3e04889240cbe64143cce215621094e690eaa_extracted\etc\security\opasswd
2025-12-09 19:09:48,158 - loggers.assessment_reader_logger - INFO - File empty: C:\license_assessments\extracted\ubi8-java8-assessment\my-ubi8-java8\blobs\sha256\ae25f9cb21ba728b911953a0e3b3e04889240cbe64143cce215621094e690eaa_extracted\etc\yum.repos.d\redhat.repo
2025-12-09 19:09:48,212 - loggers.assessment_reader_logger - INFO - File empty: C:\license_assessments\extracted\ubi8-java8-assessment\my-ubi8-java8\blobs\sha256\ae25f9cb21ba728b911953a0e3b3e04889240cbe64143cce215621094e690eaa_extracted\usr\lib\.build-id\04\.wh.c5b7d8088640ce2dc1e8243cfd662655f663af
2025-12-09 19:09:48,213 - loggers.assessment_reader_logger - INFO - File empty: C:\license_assessments\extracted\ubi8-java8-assessment\my-ubi8-java8\blobs\sha256\ae25f9cb21ba728b911953a0e3b3e04889240cbe64143cce215621094e690eaa_extracted\usr\lib\.build-id\0b\.wh.f55a2764ab7dc9d3a2a89e908c41cf4a437e2b
2025-12-09 19:09:48,213 - loggers.assessment_reader_logger - INFO - File empty: C:\license_assessments\extracted\ubi8-java8-assessment\my-ubi8-java8\blobs\sha256\ae25f9cb21ba728b911953a0e3b3e04889240cbe64143cce215621094e690eaa_extracted\usr\lib\.build-id\07\.wh.f1626f360f0c06b526d55bdd20645de0b82a5b
2025-12-09 19:09:48,213 - loggers.assessment_reader_logger - INFO - File empty: C:\license_assessments\extracted\ubi8-java8-assessment\my-ubi8-java8\blobs\sha256\ae25f9cb21ba728b911953a0e3b3e04889240cbe64143cce215621094e690eaa_extracted\usr\lib\.build-id\04\.wh.7c01ef342ba3d8d9b1f9d580c47a2073d6dbd0
2025-12-09 19:09:48,214 - loggers.assessment_reader_logger - INFO - File empty: C:\license_assessments\extracted\ubi8-java8-assessment\my-ubi8-java8\blobs\sha256\ae25f9cb21ba728b911953a0e3b3e04889240cbe64143cce215621094e690eaa_extracted\usr\lib\.build-id\14\.wh.9bd1bfadefa4edb130a1bdc18960141b0407ba
2025-12-09 19:09:48,214 - loggers.assessment_reader_logger - INFO - File empty: C:\license_assessments\extracted\ubi8-java8-assessment\my-ubi8-java8\blobs\sha256\ae25f9cb21ba728b911953a0e3b3e04889240cbe64143cce215621094e690eaa_extracted\usr\lib\.build-id\.wh.1f
2025-12-09 19:09:48,214 - loggers.assessment_reader_logger - INFO - File empty: C:\license_assessments\extracted\ubi8-java8-assessment\my-ubi8-java8\blobs\sha256\ae25f9cb21ba728b911953a0e3b3e04889240cbe64143cce215621094e690eaa_extracted\usr\lib\.build-id\0b\.wh.88bdfa07bf39919fa6c75ab3aa5eced0c62d53
2025-12-09 19:09:48,214 - loggers.assessment_reader_logger - INFO - File empty: C:\license_assessments\extracted\ubi8-java8-assessment\my-ubi8-java8\blobs\sha256\ae25f9cb21ba728b911953a0e3b3e04889240cbe64143cce215621094e690eaa_extracted\usr\lib\.build-id\13\.wh.382c9a8b15024e39e48a727505181ffa543a6e
2025-12-09 19:09:48,214 - loggers.assessment_reader_logger - INFO - File empty: C:\license_assessments\extracted\ubi8-java8-assessment\my-ubi8-java8\blobs\sha256\ae25f9cb21ba728b911953a0e3b3e04889240cbe64143cce215621094e690eaa_extracted\usr\lib\.build-id\21\.wh.bbadf9f274149c83c47c2e01b9cea23d8e7744
2025-12-09 19:09:48,215 - loggers.assessment_reader_logger - INFO - File empty: C:\license_assessments\extracted\ubi8-java8-assessment\my-ubi8-java8\blobs\sha256\ae25f9cb21ba728b911953a0e3b3e04889240cbe64143cce215621094e690eaa_extracted\usr\lib\.build-id\11\.wh.be45bc90c869339b59b153f90b33ff97181d46
2025-12-09 19:09:48,215 - loggers.assessment_reader_logger - INFO - File empty: C:\license_assessments\extracted\ubi8-java8-assessment\my-ubi8-java8\blobs\sha256\ae25f9cb21ba728b911953a0e3b3e04889240cbe64143cce215621094e690eaa_extracted\usr\lib\.build-id\18\.wh.79193a60759f8cf37d2d04757c993728a6fb27
2025-12-09 19:09:48,215 - loggers.assessment_reader_logger - INFO - File empty: C:\license_assessments\extracted\ubi8-java8-assessment\my-ubi8-java8\blobs\sha256\ae25f9cb21ba728b911953a0e3b3e04889240cbe64143cce215621094e690eaa_extracted\usr\lib\.build-id\01\.wh.20f246df672b78e99aadf1b4f9856abbe5ec69
2025-12-09 19:09:48,216 - loggers.assessment_reader_logger - INFO - File empty: C:\license_assessments\extracted\ubi8-java8-assessment\my-ubi8-java8\blobs\sha256\ae25f9cb21ba728b911953a0e3b3e04889240cbe64143cce215621094e690eaa_extracted\usr\lib\.build-id\28\.wh.ea8875034c9e8d6f0ab65d4f3046b4b84a6f05
2025-12-09 19:09:48,216 - loggers.assessment_reader_logger - INFO - File empty: C:\license_assessments\extracted\ubi8-java8-assessment\my-ubi8-java8\blobs\sha256\ae25f9cb21ba728b911953a0e3b3e04889240cbe64143cce215621094e690eaa_extracted\usr\lib\.build-id\24\.wh.d60925b8f0b415c6aead60b201d8d97c150f20
2025-12-09 19:09:48,216 - loggers.assessment_reader_logger - INFO - File empty: C:\license_assessments\extracted\ubi8-java8-assessment\my-ubi8-java8\blobs\sha256\ae25f9cb21ba728b911953a0e3b3e04889240cbe64143cce215621094e690eaa_extracted\usr\lib\.build-id\30\.wh.427b11bb32671b6b8089fa295b7f81a21eda7c
2025-12-09 19:09:48,216 - loggers.assessment_reader_logger - INFO - File empty: C:\license_assessments\extracted\ubi8-java8-assessment\my-ubi8-java8\blobs\sha256\ae25f9cb21ba728b911953a0e3b3e04889240cbe64143cce215621094e690eaa_extracted\usr\lib\.build-id\27\.wh.40fd662bc9e6d86989e8d9acf4efb3d78a6e15
2025-12-09 19:09:48,216 - loggers.assessment_reader_logger - INFO - File empty: C:\license_assessments\extracted\ubi8-java8-assessment\my-ubi8-java8\blobs\sha256\ae25f9cb21ba728b911953a0e3b3e04889240cbe64143cce215621094e690eaa_extracted\usr\lib\.build-id\1e\.wh.3b20756ddf99e7ee3905303c9d504797d0d22a
2025-12-09 19:09:48,216 - loggers.assessment_reader_logger - INFO - File empty: C:\license_assessments\extracted\ubi8-java8-assessment\my-ubi8-java8\blobs\sha256\ae25f9cb21ba728b911953a0e3b3e04889240cbe64143cce215621094e690eaa_extracted\usr\lib\.build-id\1b\.wh.8e6ea78d07ffa1765b17a3f537ace57a60a570
2025-12-09 19:09:48,216 - loggers.assessment_reader_logger - INFO - File empty: C:\license_assessments\extracted\ubi8-java8-assessment\my-ubi8-java8\blobs\sha256\ae25f9cb21ba728b911953a0e3b3e04889240cbe64143cce215621094e690eaa_extracted\usr\lib\.build-id\24\.wh.eddad6d43a3474dc8219678937f7a4b94de8a0
2025-12-09 19:09:48,216 - loggers.assessment_reader_logger - INFO - File empty: C:\license_assessments\extracted\ubi8-java8-assessment\my-ubi8-java8\blobs\sha256\ae25f9cb21ba728b911953a0e3b3e04889240cbe64143cce215621094e690eaa_extracted\usr\lib\.build-id\39\.wh.aedf202039026bfbad86919f9ced8aeb0b3709
2025-12-09 19:09:48,216 - loggers.assessment_reader_logger - INFO - File empty: C:\license_assessments\extracted\ubi8-java8-assessment\my-ubi8-java8\blobs\sha256\ae25f9cb21ba728b911953a0e3b3e04889240cbe64143cce215621094e690eaa_extracted\usr\lib\.build-id\2a\.wh.5f1710d45887b2f62d0bcd0260f9781861f378
2025-12-09 19:09:48,216 - loggers.assessment_reader_logger - INFO - File empty: C:\license_assessments\extracted\ubi8-java8-assessment\my-ubi8-java8\blobs\sha256\ae25f9cb21ba728b911953a0e3b3e04889240cbe64143cce215621094e690eaa_extracted\usr\lib\.build-id\38\.wh.4f6be18b4b90d58b95bd849255c9c5335c49ab
2025-12-09 19:09:48,216 - loggers.assessment_reader_logger - INFO - File empty: C:\license_assessments\extracted\ubi8-java8-assessment\my-ubi8-java8\blobs\sha256\ae25f9cb21ba728b911953a0e3b3e04889240cbe64143cce215621094e690eaa_extracted\usr\lib\.build-id\31\.wh.34270cd57fee9c28ed677ef5f99007e8e8903f
2025-12-09 19:09:48,216 - loggers.assessment_reader_logger - INFO - File empty: C:\license_assessments\extracted\ubi8-java8-assessment\my-ubi8-java8\blobs\sha256\ae25f9cb21ba728b911953a0e3b3e04889240cbe64143cce215621094e690eaa_extracted\usr\lib\.build-id\36\.wh.2e2e86392081ca82ccc48f1293fa8bc893a559
2025-12-09 19:09:48,216 - loggers.assessment_reader_logger - INFO - File empty: C:\license_assessments\extracted\ubi8-java8-assessment\my-ubi8-java8\blobs\sha256\ae25f9cb21ba728b911953a0e3b3e04889240cbe64143cce215621094e690eaa_extracted\usr\lib\.build-id\2a\.wh.8d2ebb04a82bce48f05431614d812132d71ed3
2025-12-09 19:09:48,216 - loggers.assessment_reader_logger - INFO - File empty: C:\license_assessments\extracted\ubi8-java8-assessment\my-ubi8-java8\blobs\sha256\ae25f9cb21ba728b911953a0e3b3e04889240cbe64143cce215621094e690eaa_extracted\usr\lib\.build-id\3f\.wh.2f64729cc71957baf900da094dfc7678010156
2025-12-09 19:09:48,216 - loggers.assessment_reader_logger - INFO - File empty: C:\license_assessments\extracted\ubi8-java8-assessment\my-ubi8-java8\blobs\sha256\ae25f9cb21ba728b911953a0e3b3e04889240cbe64143cce215621094e690eaa_extracted\usr\lib\.build-id\34\.wh.20ad92b7d38d4e95b7c26f6c698e37e90b05c2
2025-12-09 19:09:48,216 - loggers.assessment_reader_logger - INFO - File empty: C:\license_assessments\extracted\ubi8-java8-assessment\my-ubi8-java8\blobs\sha256\ae25f9cb21ba728b911953a0e3b3e04889240cbe64143cce215621094e690eaa_extracted\usr\lib\.build-id\36\.wh.2e2e86392081ca82ccc48f1293fa8bc893a559.2
2025-12-09 19:09:48,216 - loggers.assessment_reader_logger - INFO - File empty: C:\license_assessments\extracted\ubi8-java8-assessment\my-ubi8-java8\blobs\sha256\ae25f9cb21ba728b911953a0e3b3e04889240cbe64143cce215621094e690eaa_extracted\usr\lib\.build-id\38\.wh.ed3ebe1172ea65962fdf0e7da523b67b91541f
2025-12-09 19:09:48,216 - loggers.assessment_reader_logger - INFO - File empty: C:\license_assessments\extracted\ubi8-java8-assessment\my-ubi8-java8\blobs\sha256\ae25f9cb21ba728b911953a0e3b3e04889240cbe64143cce215621094e690eaa_extracted\usr\lib\.build-id\36\.wh.2e2e86392081ca82ccc48f1293fa8bc893a559.3
2025-12-09 19:09:48,217 - loggers.assessment_reader_logger - INFO - File empty: C:\license_assessments\extracted\ubi8-java8-assessment\my-ubi8-java8\blobs\sha256\ae25f9cb21ba728b911953a0e3b3e04889240cbe64143cce215621094e690eaa_extracted\usr\lib\.build-id\36\.wh.2e2e86392081ca82ccc48f1293fa8bc893a559.1
2025-12-09 19:09:48,217 - loggers.assessment_reader_logger - INFO - File empty: C:\license_assessments\extracted\ubi8-java8-assessment\my-ubi8-java8\blobs\sha256\ae25f9cb21ba728b911953a0e3b3e04889240cbe64143cce215621094e690eaa_extracted\usr\lib\.build-id\42\.wh.482811acfc21628c5ff706fa7251afc2681a59
2025-12-09 19:09:48,217 - loggers.assessment_reader_logger - INFO - File empty: C:\license_assessments\extracted\ubi8-java8-assessment\my-ubi8-java8\blobs\sha256\ae25f9cb21ba728b911953a0e3b3e04889240cbe64143cce215621094e690eaa_extracted\usr\lib\.build-id\41\.wh.3ffeee170b58a641513cbdb853176ecde0030c
2025-12-09 19:09:48,217 - loggers.assessment_reader_logger - INFO - File empty: C:\license_assessments\extracted\ubi8-java8-assessment\my-ubi8-java8\blobs\sha256\ae25f9cb21ba728b911953a0e3b3e04889240cbe64143cce215621094e690eaa_extracted\usr\lib\.build-id\43\.wh.7b45874ecf965aad19e8f64853ae6b273257eb
2025-12-09 19:09:48,217 - loggers.assessment_reader_logger - INFO - File empty: C:\license_assessments\extracted\ubi8-java8-assessment\my-ubi8-java8\blobs\sha256\ae25f9cb21ba728b911953a0e3b3e04889240cbe64143cce215621094e690eaa_extracted\usr\lib\.build-id\43\.wh.6831d9200b269685e79807f5c1c27b2befefbc
2025-12-09 19:09:48,217 - loggers.assessment_reader_logger - INFO - File empty: C:\license_assessments\extracted\ubi8-java8-assessment\my-ubi8-java8\blobs\sha256\ae25f9cb21ba728b911953a0e3b3e04889240cbe64143cce215621094e690eaa_extracted\usr\lib\.build-id\47\.wh.69cb0aed6c113b6d9ee711d271b071ef81b684
2025-12-09 19:09:48,217 - loggers.assessment_reader_logger - INFO - File empty: C:\license_assessments\extracted\ubi8-java8-assessment\my-ubi8-java8\blobs\sha256\ae25f9cb21ba728b911953a0e3b3e04889240cbe64143cce215621094e690eaa_extracted\usr\lib\.build-id\49\.wh..wh..opq
2025-12-09 19:09:48,218 - loggers.assessment_reader_logger - INFO - File empty: C:\license_assessments\extracted\ubi8-java8-assessment\my-ubi8-java8\blobs\sha256\ae25f9cb21ba728b911953a0e3b3e04889240cbe64143cce215621094e690eaa_extracted\usr\lib\.build-id\4d\.wh.a965459bb1f754a3c921d338b0903a93205557
2025-12-09 19:09:48,218 - loggers.assessment_reader_logger - INFO - File empty: C:\license_assessments\extracted\ubi8-java8-assessment\my-ubi8-java8\blobs\sha256\ae25f9cb21ba728b911953a0e3b3e04889240cbe64143cce215621094e690eaa_extracted\usr\lib\.build-id\4f\.wh.5170a9f89fc927871251a301ca1fe61e57c68a
2025-12-09 19:09:48,218 - loggers.assessment_reader_logger - INFO - File empty: C:\license_assessments\extracted\ubi8-java8-assessment\my-ubi8-java8\blobs\sha256\ae25f9cb21ba728b911953a0e3b3e04889240cbe64143cce215621094e690eaa_extracted\usr\lib\.build-id\51\.wh..wh..opq
2025-12-09 19:09:48,218 - loggers.assessment_reader_logger - INFO - File empty: C:\license_assessments\extracted\ubi8-java8-assessment\my-ubi8-java8\blobs\sha256\ae25f9cb21ba728b911953a0e3b3e04889240cbe64143cce215621094e690eaa_extracted\usr\lib\.build-id\52\.wh.93035a8c75fa8106fc0794e2aec774e2a3fe60
2025-12-09 19:09:48,218 - loggers.assessment_reader_logger - INFO - File empty: C:\license_assessments\extracted\ubi8-java8-assessment\my-ubi8-java8\blobs\sha256\ae25f9cb21ba728b911953a0e3b3e04889240cbe64143cce215621094e690eaa_extracted\usr\lib\.build-id\56\.wh.1afe6d4f30bf729b5867d99f398cc82690f269
2025-12-09 19:09:48,220 - loggers.assessment_reader_logger - INFO - File empty: C:\license_assessments\extracted\ubi8-java8-assessment\my-ubi8-java8\blobs\sha256\ae25f9cb21ba728b911953a0e3b3e04889240cbe64143cce215621094e690eaa_extracted\usr\lib\.build-id\58\.wh.03c54b67228cafa6c381b3b5491b230eafade5
2025-12-09 19:09:48,220 - loggers.assessment_reader_logger - INFO - File empty: C:\license_assessments\extracted\ubi8-java8-assessment\my-ubi8-java8\blobs\sha256\ae25f9cb21ba728b911953a0e3b3e04889240cbe64143cce215621094e690eaa_extracted\usr\lib\.build-id\57\.wh.b9ead017d15473dec2fa8ae322e8e8b3939f6b
2025-12-09 19:09:48,220 - loggers.assessment_reader_logger - INFO - File empty: C:\license_assessments\extracted\ubi8-java8-assessment\my-ubi8-java8\blobs\sha256\ae25f9cb21ba728b911953a0e3b3e04889240cbe64143cce215621094e690eaa_extracted\usr\lib\.build-id\5c\.wh.e611007db847e85099711c9dbfb14fc56859b3
2025-12-09 19:09:48,220 - loggers.assessment_reader_logger - INFO - File empty: C:\license_assessments\extracted\ubi8-java8-assessment\my-ubi8-java8\blobs\sha256\ae25f9cb21ba728b911953a0e3b3e04889240cbe64143cce215621094e690eaa_extracted\usr\lib\.build-id\5d\.wh.bad07c1286d84120eec1dcc9f247d0697d4679
2025-12-09 19:09:48,220 - loggers.assessment_reader_logger - INFO - File empty: C:\license_assessments\extracted\ubi8-java8-assessment\my-ubi8-java8\blobs\sha256\ae25f9cb21ba728b911953a0e3b3e04889240cbe64143cce215621094e690eaa_extracted\usr\lib\.build-id\5c\.wh.6663542b13cae45cc35e6e15085a86955ccdd3
2025-12-09 19:09:48,220 - loggers.assessment_reader_logger - INFO - File empty: C:\license_assessments\extracted\ubi8-java8-assessment\my-ubi8-java8\blobs\sha256\ae25f9cb21ba728b911953a0e3b3e04889240cbe64143cce215621094e690eaa_extracted\usr\lib\.build-id\65\.wh.245f9ed92e83314cfe4bc8ebda3eba827a3908
2025-12-09 19:09:48,220 - loggers.assessment_reader_logger - INFO - File empty: C:\license_assessments\extracted\ubi8-java8-assessment\my-ubi8-java8\blobs\sha256\ae25f9cb21ba728b911953a0e3b3e04889240cbe64143cce215621094e690eaa_extracted\usr\lib\.build-id\6f\.wh.780fa3d7d8c7d098d995fe92928af289ed0587
2025-12-09 19:09:48,220 - loggers.assessment_reader_logger - INFO - File empty: C:\license_assessments\extracted\ubi8-java8-assessment\my-ubi8-java8\blobs\sha256\ae25f9cb21ba728b911953a0e3b3e04889240cbe64143cce215621094e690eaa_extracted\usr\lib\.build-id\6d\.wh.83e93b8425a7f516d143e97d9243b2d2c338a5
2025-12-09 19:09:48,221 - loggers.assessment_reader_logger - INFO - File empty: C:\license_assessments\extracted\ubi8-java8-assessment\my-ubi8-java8\blobs\sha256\ae25f9cb21ba728b911953a0e3b3e04889240cbe64143cce215621094e690eaa_extracted\usr\lib\.build-id\65\.wh.25834b166ea0d27fb5731425a67233b6f6b1de
2025-12-09 19:09:48,221 - loggers.assessment_reader_logger - INFO - File empty: C:\license_assessments\extracted\ubi8-java8-assessment\my-ubi8-java8\blobs\sha256\ae25f9cb21ba728b911953a0e3b3e04889240cbe64143cce215621094e690eaa_extracted\usr\lib\.build-id\62\.wh.1f92410f54b1f94bcc431c04a52c58858c76ed
2025-12-09 19:09:48,221 - loggers.assessment_reader_logger - INFO - File empty: C:\license_assessments\extracted\ubi8-java8-assessment\my-ubi8-java8\blobs\sha256\ae25f9cb21ba728b911953a0e3b3e04889240cbe64143cce215621094e690eaa_extracted\usr\lib\.build-id\6e\.wh.5d88df7d58711bd7151222252ba0c0137d1d84
2025-12-09 19:09:48,221 - loggers.assessment_reader_logger - INFO - File empty: C:\license_assessments\extracted\ubi8-java8-assessment\my-ubi8-java8\blobs\sha256\ae25f9cb21ba728b911953a0e3b3e04889240cbe64143cce215621094e690eaa_extracted\usr\lib\.build-id\5b\.wh.2f80ba6748e12d8ace984e4ae98272346334bc
2025-12-09 19:09:48,221 - loggers.assessment_reader_logger - INFO - File empty: C:\license_assessments\extracted\ubi8-java8-assessment\my-ubi8-java8\blobs\sha256\ae25f9cb21ba728b911953a0e3b3e04889240cbe64143cce215621094e690eaa_extracted\usr\lib\.build-id\6f\.wh.4f5d5af6e25716f0e74ccd315f6732f9ae68bb
2025-12-09 19:09:48,222 - loggers.assessment_reader_logger - INFO - File empty: C:\license_assessments\extracted\ubi8-java8-assessment\my-ubi8-java8\blobs\sha256\ae25f9cb21ba728b911953a0e3b3e04889240cbe64143cce215621094e690eaa_extracted\usr\lib\.build-id\74\.wh.0bd18b43b1633734d28af28d5ad65f36a13db2
2025-12-09 19:09:48,222 - loggers.assessment_reader_logger - INFO - File empty: C:\license_assessments\extracted\ubi8-java8-assessment\my-ubi8-java8\blobs\sha256\ae25f9cb21ba728b911953a0e3b3e04889240cbe64143cce215621094e690eaa_extracted\usr\lib\.build-id\78\.wh.e34ec032980b9c4e000c8c0425b7cb5181fc26
2025-12-09 19:09:48,222 - loggers.assessment_reader_logger - INFO - File empty: C:\license_assessments\extracted\ubi8-java8-assessment\my-ubi8-java8\blobs\sha256\ae25f9cb21ba728b911953a0e3b3e04889240cbe64143cce215621094e690eaa_extracted\usr\lib\.build-id\78\.wh.03886fc18f0eb01b5faa33545119b2cc524fb7
2025-12-09 19:09:48,222 - loggers.assessment_reader_logger - INFO - File empty: C:\license_assessments\extracted\ubi8-java8-assessment\my-ubi8-java8\blobs\sha256\ae25f9cb21ba728b911953a0e3b3e04889240cbe64143cce215621094e690eaa_extracted\usr\lib\.build-id\76\.wh.299f4681a14e5594ea5b688ad6761697cf9568
2025-12-09 19:09:48,223 - loggers.assessment_reader_logger - INFO - File empty: C:\license_assessments\extracted\ubi8-java8-assessment\my-ubi8-java8\blobs\sha256\ae25f9cb21ba728b911953a0e3b3e04889240cbe64143cce215621094e690eaa_extracted\usr\lib\.build-id\8b\.wh.3e3550501a51ff95260a200c52121a5cc4b34b
2025-12-09 19:09:48,223 - loggers.assessment_reader_logger - INFO - File empty: C:\license_assessments\extracted\ubi8-java8-assessment\my-ubi8-java8\blobs\sha256\ae25f9cb21ba728b911953a0e3b3e04889240cbe64143cce215621094e690eaa_extracted\usr\lib\.build-id\7c\.wh.f728091d82b4defca1bca49a6151a12cb11cab
2025-12-09 19:09:48,223 - loggers.assessment_reader_logger - INFO - File empty: C:\license_assessments\extracted\ubi8-java8-assessment\my-ubi8-java8\blobs\sha256\ae25f9cb21ba728b911953a0e3b3e04889240cbe64143cce215621094e690eaa_extracted\usr\lib\.build-id\8d\.wh.71fb60ce3e2acb48542ac34bf6dd17d926aa80
2025-12-09 19:09:48,223 - loggers.assessment_reader_logger - INFO - File empty: C:\license_assessments\extracted\ubi8-java8-assessment\my-ubi8-java8\blobs\sha256\ae25f9cb21ba728b911953a0e3b3e04889240cbe64143cce215621094e690eaa_extracted\usr\lib\.build-id\7d\.wh.73b7d5e1c61651b9fbf562a23663d03cde68a5
2025-12-09 19:09:48,223 - loggers.assessment_reader_logger - INFO - File empty: C:\license_assessments\extracted\ubi8-java8-assessment\my-ubi8-java8\blobs\sha256\ae25f9cb21ba728b911953a0e3b3e04889240cbe64143cce215621094e690eaa_extracted\usr\lib\.build-id\8f\.wh.ff3de7a791bdda71bcd54b14eb02707d159b48
2025-12-09 19:09:48,223 - loggers.assessment_reader_logger - INFO - File empty: C:\license_assessments\extracted\ubi8-java8-assessment\my-ubi8-java8\blobs\sha256\ae25f9cb21ba728b911953a0e3b3e04889240cbe64143cce215621094e690eaa_extracted\usr\lib\.build-id\7b\.wh.cf027ea402003cacc07aaabe24b60d1c1d8d8e
2025-12-09 19:09:48,223 - loggers.assessment_reader_logger - INFO - File empty: C:\license_assessments\extracted\ubi8-java8-assessment\my-ubi8-java8\blobs\sha256\ae25f9cb21ba728b911953a0e3b3e04889240cbe64143cce215621094e690eaa_extracted\usr\lib\.build-id\7a\.wh.8d1184efa94c01633e2bc3d69f1b3e8480f113
2025-12-09 19:09:48,223 - loggers.assessment_reader_logger - INFO - File empty: C:\license_assessments\extracted\ubi8-java8-assessment\my-ubi8-java8\blobs\sha256\ae25f9cb21ba728b911953a0e3b3e04889240cbe64143cce215621094e690eaa_extracted\usr\lib\.build-id\7a\.wh.bff4e7c12646d70b1ae78527eb6e98ca62bc88
2025-12-09 19:09:48,223 - loggers.assessment_reader_logger - INFO - File empty: C:\license_assessments\extracted\ubi8-java8-assessment\my-ubi8-java8\blobs\sha256\ae25f9cb21ba728b911953a0e3b3e04889240cbe64143cce215621094e690eaa_extracted\usr\lib\.build-id\7e\.wh.2762e395320d20062d39c4ce79f79ae55014a0
2025-12-09 19:09:48,223 - loggers.assessment_reader_logger - INFO - File empty: C:\license_assessments\extracted\ubi8-java8-assessment\my-ubi8-java8\blobs\sha256\ae25f9cb21ba728b911953a0e3b3e04889240cbe64143cce215621094e690eaa_extracted\usr\lib\.build-id\95\.wh.897b1ad24877a88d22cc5dda059606dcb47934
2025-12-09 19:09:48,223 - loggers.assessment_reader_logger - INFO - File empty: C:\license_assessments\extracted\ubi8-java8-assessment\my-ubi8-java8\blobs\sha256\ae25f9cb21ba728b911953a0e3b3e04889240cbe64143cce215621094e690eaa_extracted\usr\lib\.build-id\9a\.wh.6fc69f6bc9b00607a36a3378d4f6d7059b3caf
2025-12-09 19:09:48,223 - loggers.assessment_reader_logger - INFO - File empty: C:\license_assessments\extracted\ubi8-java8-assessment\my-ubi8-java8\blobs\sha256\ae25f9cb21ba728b911953a0e3b3e04889240cbe64143cce215621094e690eaa_extracted\usr\lib\.build-id\79\.wh.3284c87c5f87904b31ecc77346e251f87e3c2c
2025-12-09 19:09:48,223 - loggers.assessment_reader_logger - INFO - File empty: C:\license_assessments\extracted\ubi8-java8-assessment\my-ubi8-java8\blobs\sha256\ae25f9cb21ba728b911953a0e3b3e04889240cbe64143cce215621094e690eaa_extracted\usr\lib\.build-id\82\.wh.f275fa8cdcbc3e3b2c6e04c2b01a84682cfb15
2025-12-09 19:09:48,223 - loggers.assessment_reader_logger - INFO - File empty: C:\license_assessments\extracted\ubi8-java8-assessment\my-ubi8-java8\blobs\sha256\ae25f9cb21ba728b911953a0e3b3e04889240cbe64143cce215621094e690eaa_extracted\usr\lib\.build-id\91\.wh.dd88a43c031f650e346b9c3a7601da4c81c57c
2025-12-09 19:09:48,223 - loggers.assessment_reader_logger - INFO - File empty: C:\license_assessments\extracted\ubi8-java8-assessment\my-ubi8-java8\blobs\sha256\ae25f9cb21ba728b911953a0e3b3e04889240cbe64143cce215621094e690eaa_extracted\usr\lib\.build-id\8c\.wh.5895344f411b20592fcd8c1263b27e3cc6c07c
2025-12-09 19:09:48,223 - loggers.assessment_reader_logger - INFO - File empty: C:\license_assessments\extracted\ubi8-java8-assessment\my-ubi8-java8\blobs\sha256\ae25f9cb21ba728b911953a0e3b3e04889240cbe64143cce215621094e690eaa_extracted\usr\lib\.build-id\80\.wh.5e31da7275a905b0cbb06e033e75ff07fa2e91
2025-12-09 19:09:48,223 - loggers.assessment_reader_logger - INFO - File empty: C:\license_assessments\extracted\ubi8-java8-assessment\my-ubi8-java8\blobs\sha256\ae25f9cb21ba728b911953a0e3b3e04889240cbe64143cce215621094e690eaa_extracted\usr\lib\.build-id\97\.wh.e243b15f860192631b3b68e64a1db6321e94eb
2025-12-09 19:09:48,224 - loggers.assessment_reader_logger - INFO - File empty: C:\license_assessments\extracted\ubi8-java8-assessment\my-ubi8-java8\blobs\sha256\ae25f9cb21ba728b911953a0e3b3e04889240cbe64143cce215621094e690eaa_extracted\usr\lib\.build-id\83\.wh.47a3f70e7c4c2113c2eaadfc4d9ab69b4c1479
2025-12-09 19:09:48,224 - loggers.assessment_reader_logger - INFO - File empty: C:\license_assessments\extracted\ubi8-java8-assessment\my-ubi8-java8\blobs\sha256\ae25f9cb21ba728b911953a0e3b3e04889240cbe64143cce215621094e690eaa_extracted\usr\lib\.build-id\84\.wh.2b213bd4e40b09778bb29cd2fc6bc43e8e4712
2025-12-09 19:09:48,224 - loggers.assessment_reader_logger - INFO - File empty: C:\license_assessments\extracted\ubi8-java8-assessment\my-ubi8-java8\blobs\sha256\ae25f9cb21ba728b911953a0e3b3e04889240cbe64143cce215621094e690eaa_extracted\usr\lib\.build-id\9a\.wh.df14088897e039271bdfccbf47209558525469
2025-12-09 19:09:48,224 - loggers.assessment_reader_logger - INFO - File empty: C:\license_assessments\extracted\ubi8-java8-assessment\my-ubi8-java8\blobs\sha256\ae25f9cb21ba728b911953a0e3b3e04889240cbe64143cce215621094e690eaa_extracted\usr\lib\.build-id\9b\.wh.58935e52e761bf2819d2b5d32a867c489b4367
2025-12-09 19:09:48,224 - loggers.assessment_reader_logger - INFO - File empty: C:\license_assessments\extracted\ubi8-java8-assessment\my-ubi8-java8\blobs\sha256\ae25f9cb21ba728b911953a0e3b3e04889240cbe64143cce215621094e690eaa_extracted\usr\lib\.build-id\9e\.wh.62372489a1a17a06f7a7f93c917cbeec84fc52
2025-12-09 19:09:48,224 - loggers.assessment_reader_logger - INFO - File empty: C:\license_assessments\extracted\ubi8-java8-assessment\my-ubi8-java8\blobs\sha256\ae25f9cb21ba728b911953a0e3b3e04889240cbe64143cce215621094e690eaa_extracted\usr\lib\.build-id\9e\.wh.84dafb2bab3f7040b03cd267321bc76a1a6ab1
2025-12-09 19:09:48,224 - loggers.assessment_reader_logger - INFO - File empty: C:\license_assessments\extracted\ubi8-java8-assessment\my-ubi8-java8\blobs\sha256\ae25f9cb21ba728b911953a0e3b3e04889240cbe64143cce215621094e690eaa_extracted\usr\lib\.build-id\a3\.wh.63070b020c6e5a1761409598a9d98faba1bb8e
2025-12-09 19:09:48,224 - loggers.assessment_reader_logger - INFO - File empty: C:\license_assessments\extracted\ubi8-java8-assessment\my-ubi8-java8\blobs\sha256\ae25f9cb21ba728b911953a0e3b3e04889240cbe64143cce215621094e690eaa_extracted\usr\lib\.build-id\a0\.wh.e5d65c8037f0278c4431e6f27e23ce21b70d55
2025-12-09 19:09:48,224 - loggers.assessment_reader_logger - INFO - File empty: C:\license_assessments\extracted\ubi8-java8-assessment\my-ubi8-java8\blobs\sha256\ae25f9cb21ba728b911953a0e3b3e04889240cbe64143cce215621094e690eaa_extracted\usr\lib\.build-id\a7\.wh.06d6f3aa5c6ce663b7b9071cb92b7def7ff02b
2025-12-09 19:09:48,225 - loggers.assessment_reader_logger - INFO - File empty: C:\license_assessments\extracted\ubi8-java8-assessment\my-ubi8-java8\blobs\sha256\ae25f9cb21ba728b911953a0e3b3e04889240cbe64143cce215621094e690eaa_extracted\usr\lib\.build-id\ac\.wh.f49f14b51b16dd5da7cfda018aa3455175cfab
2025-12-09 19:09:48,225 - loggers.assessment_reader_logger - INFO - File empty: C:\license_assessments\extracted\ubi8-java8-assessment\my-ubi8-java8\blobs\sha256\ae25f9cb21ba728b911953a0e3b3e04889240cbe64143cce215621094e690eaa_extracted\usr\lib\.build-id\a6\.wh.1c2a85a9798bca4c20d6aee6337c776e4ef89f
2025-12-09 19:09:48,225 - loggers.assessment_reader_logger - INFO - File empty: C:\license_assessments\extracted\ubi8-java8-assessment\my-ubi8-java8\blobs\sha256\ae25f9cb21ba728b911953a0e3b3e04889240cbe64143cce215621094e690eaa_extracted\usr\lib\.build-id\a7\.wh.42dee59030521a93afecee62f6e1b0c113d7fd
2025-12-09 19:09:48,225 - loggers.assessment_reader_logger - INFO - File empty: C:\license_assessments\extracted\ubi8-java8-assessment\my-ubi8-java8\blobs\sha256\ae25f9cb21ba728b911953a0e3b3e04889240cbe64143cce215621094e690eaa_extracted\usr\lib\.build-id\b1\.wh.cd773c80b027cbb48e93a4099182fe5f13f472
2025-12-09 19:09:48,226 - loggers.assessment_reader_logger - INFO - File empty: C:\license_assessments\extracted\ubi8-java8-assessment\my-ubi8-java8\blobs\sha256\ae25f9cb21ba728b911953a0e3b3e04889240cbe64143cce215621094e690eaa_extracted\usr\lib\.build-id\b5\.wh.25bd7b2dce36a397a216a6acb4328a3b0c16ac
2025-12-09 19:09:48,226 - loggers.assessment_reader_logger - INFO - File empty: C:\license_assessments\extracted\ubi8-java8-assessment\my-ubi8-java8\blobs\sha256\ae25f9cb21ba728b911953a0e3b3e04889240cbe64143cce215621094e690eaa_extracted\usr\lib\.build-id\bb\.wh.369d574a321c87c169e19d637d45381b9f2a52
2025-12-09 19:09:48,226 - loggers.assessment_reader_logger - INFO - File empty: C:\license_assessments\extracted\ubi8-java8-assessment\my-ubi8-java8\blobs\sha256\ae25f9cb21ba728b911953a0e3b3e04889240cbe64143cce215621094e690eaa_extracted\usr\lib\.build-id\b7\.wh.810a6ea7427180050fb6ab1364903d4f701c9d
2025-12-09 19:09:48,226 - loggers.assessment_reader_logger - INFO - File empty: C:\license_assessments\extracted\ubi8-java8-assessment\my-ubi8-java8\blobs\sha256\ae25f9cb21ba728b911953a0e3b3e04889240cbe64143cce215621094e690eaa_extracted\usr\lib\.build-id\be\.wh.9f1f5d6d5c3879de9b047aa79d3c86c7300007
2025-12-09 19:09:48,226 - loggers.assessment_reader_logger - INFO - File empty: C:\license_assessments\extracted\ubi8-java8-assessment\my-ubi8-java8\blobs\sha256\ae25f9cb21ba728b911953a0e3b3e04889240cbe64143cce215621094e690eaa_extracted\usr\lib\.build-id\c1\.wh.4ed8f346e3796d2c0d81828bcfafc83dfb798c
2025-12-09 19:09:48,226 - loggers.assessment_reader_logger - INFO - File empty: C:\license_assessments\extracted\ubi8-java8-assessment\my-ubi8-java8\blobs\sha256\ae25f9cb21ba728b911953a0e3b3e04889240cbe64143cce215621094e690eaa_extracted\usr\lib\.build-id\c6\.wh.66f5af3805323607ffc9753c13d0b95a9e3529
2025-12-09 19:09:48,226 - loggers.assessment_reader_logger - INFO - File empty: C:\license_assessments\extracted\ubi8-java8-assessment\my-ubi8-java8\blobs\sha256\ae25f9cb21ba728b911953a0e3b3e04889240cbe64143cce215621094e690eaa_extracted\usr\lib\.build-id\c5\.wh.2dbe785ce4223dafe0b6ec0f6e25ea0c8e14f4
2025-12-09 19:09:48,226 - loggers.assessment_reader_logger - INFO - File empty: C:\license_assessments\extracted\ubi8-java8-assessment\my-ubi8-java8\blobs\sha256\ae25f9cb21ba728b911953a0e3b3e04889240cbe64143cce215621094e690eaa_extracted\usr\lib\.build-id\c7\.wh.135428ce8ed10465be65ea44d11ba137a8e5b8
2025-12-09 19:09:48,227 - loggers.assessment_reader_logger - INFO - File empty: C:\license_assessments\extracted\ubi8-java8-assessment\my-ubi8-java8\blobs\sha256\ae25f9cb21ba728b911953a0e3b3e04889240cbe64143cce215621094e690eaa_extracted\usr\lib\.build-id\c9\.wh.2f79c9c08d84df1d9c86a4b662cc78706815cc
2025-12-09 19:09:48,227 - loggers.assessment_reader_logger - INFO - File empty: C:\license_assessments\extracted\ubi8-java8-assessment\my-ubi8-java8\blobs\sha256\ae25f9cb21ba728b911953a0e3b3e04889240cbe64143cce215621094e690eaa_extracted\usr\lib\.build-id\cd\.wh.37d7f3097c3753246f6b9f960d89f94b60b469
2025-12-09 19:09:48,227 - loggers.assessment_reader_logger - INFO - File empty: C:\license_assessments\extracted\ubi8-java8-assessment\my-ubi8-java8\blobs\sha256\ae25f9cb21ba728b911953a0e3b3e04889240cbe64143cce215621094e690eaa_extracted\usr\lib\.build-id\d5\.wh.1f230811dff434698c9aa5bff5e1ac95fab021
2025-12-09 19:09:48,227 - loggers.assessment_reader_logger - INFO - File empty: C:\license_assessments\extracted\ubi8-java8-assessment\my-ubi8-java8\blobs\sha256\ae25f9cb21ba728b911953a0e3b3e04889240cbe64143cce215621094e690eaa_extracted\usr\lib\.build-id\d3\.wh.cf33e71c1dc591a0b33ca03ca453686b12dc78
2025-12-09 19:09:48,227 - loggers.assessment_reader_logger - INFO - File empty: C:\license_assessments\extracted\ubi8-java8-assessment\my-ubi8-java8\blobs\sha256\ae25f9cb21ba728b911953a0e3b3e04889240cbe64143cce215621094e690eaa_extracted\usr\lib\.build-id\cd\.wh.a60dd49508ee5d6c5a2ae4deed14262d9472a4
2025-12-09 19:09:48,227 - loggers.assessment_reader_logger - INFO - File empty: C:\license_assessments\extracted\ubi8-java8-assessment\my-ubi8-java8\blobs\sha256\ae25f9cb21ba728b911953a0e3b3e04889240cbe64143cce215621094e690eaa_extracted\usr\lib\.build-id\d6\.wh.ed7ae6a2dad479de4f9f9459cc27e96edc46c9
2025-12-09 19:09:48,228 - loggers.assessment_reader_logger - INFO - File empty: C:\license_assessments\extracted\ubi8-java8-assessment\my-ubi8-java8\blobs\sha256\ae25f9cb21ba728b911953a0e3b3e04889240cbe64143cce215621094e690eaa_extracted\usr\lib\.build-id\d5\.wh.1a972e63f40b8c0a32d2f8a1533563959d179a
2025-12-09 19:09:48,228 - loggers.assessment_reader_logger - INFO - File empty: C:\license_assessments\extracted\ubi8-java8-assessment\my-ubi8-java8\blobs\sha256\ae25f9cb21ba728b911953a0e3b3e04889240cbe64143cce215621094e690eaa_extracted\usr\lib\.build-id\df\.wh.153ad7b8d924381ad9eead8a9a8f37e5633b5c
2025-12-09 19:09:48,228 - loggers.assessment_reader_logger - INFO - File empty: C:\license_assessments\extracted\ubi8-java8-assessment\my-ubi8-java8\blobs\sha256\ae25f9cb21ba728b911953a0e3b3e04889240cbe64143cce215621094e690eaa_extracted\usr\lib\.build-id\da\.wh.2cdaa5c7054e5c9954c43e69959a431fd2358b
2025-12-09 19:09:48,228 - loggers.assessment_reader_logger - INFO - File empty: C:\license_assessments\extracted\ubi8-java8-assessment\my-ubi8-java8\blobs\sha256\ae25f9cb21ba728b911953a0e3b3e04889240cbe64143cce215621094e690eaa_extracted\usr\lib\.build-id\e0\.wh.78caa6ac27616bbca7f8e6c08a475e73067ee3
2025-12-09 19:09:48,228 - loggers.assessment_reader_logger - INFO - File empty: C:\license_assessments\extracted\ubi8-java8-assessment\my-ubi8-java8\blobs\sha256\ae25f9cb21ba728b911953a0e3b3e04889240cbe64143cce215621094e690eaa_extracted\usr\lib\.build-id\e0\.wh.8f397aa6b7de799209cd5bc35aabe0496678f1
2025-12-09 19:09:48,228 - loggers.assessment_reader_logger - INFO - File empty: C:\license_assessments\extracted\ubi8-java8-assessment\my-ubi8-java8\blobs\sha256\ae25f9cb21ba728b911953a0e3b3e04889240cbe64143cce215621094e690eaa_extracted\usr\lib\.build-id\e1\.wh.e2923b00dfc61575344ce092be274a5b396887
2025-12-09 19:09:48,228 - loggers.assessment_reader_logger - INFO - File empty: C:\license_assessments\extracted\ubi8-java8-assessment\my-ubi8-java8\blobs\sha256\ae25f9cb21ba728b911953a0e3b3e04889240cbe64143cce215621094e690eaa_extracted\usr\lib\.build-id\e4\.wh.abb3b0b8951a4f746530ae2e9b85559d5fb98f
2025-12-09 19:09:48,229 - loggers.assessment_reader_logger - INFO - File empty: C:\license_assessments\extracted\ubi8-java8-assessment\my-ubi8-java8\blobs\sha256\ae25f9cb21ba728b911953a0e3b3e04889240cbe64143cce215621094e690eaa_extracted\usr\lib\.build-id\e8\.wh.3839c4311781cea820944ddbbeb5cb9f306a57
2025-12-09 19:09:48,229 - loggers.assessment_reader_logger - INFO - File empty: C:\license_assessments\extracted\ubi8-java8-assessment\my-ubi8-java8\blobs\sha256\ae25f9cb21ba728b911953a0e3b3e04889240cbe64143cce215621094e690eaa_extracted\usr\lib\.build-id\e7\.wh.9fac999544e659701d791f43d2cdfe46d2c2b6
2025-12-09 19:09:48,229 - loggers.assessment_reader_logger - INFO - File empty: C:\license_assessments\extracted\ubi8-java8-assessment\my-ubi8-java8\blobs\sha256\ae25f9cb21ba728b911953a0e3b3e04889240cbe64143cce215621094e690eaa_extracted\usr\lib\.build-id\ee\.wh.0d5fac93413cbcacd6b34469314178929a7cfa
2025-12-09 19:09:48,229 - loggers.assessment_reader_logger - INFO - File empty: C:\license_assessments\extracted\ubi8-java8-assessment\my-ubi8-java8\blobs\sha256\ae25f9cb21ba728b911953a0e3b3e04889240cbe64143cce215621094e690eaa_extracted\usr\lib\.build-id\ee\.wh.45c1715f039b6cbd75050c5c2342f58f9a7b78
2025-12-09 19:09:48,229 - loggers.assessment_reader_logger - INFO - File empty: C:\license_assessments\extracted\ubi8-java8-assessment\my-ubi8-java8\blobs\sha256\ae25f9cb21ba728b911953a0e3b3e04889240cbe64143cce215621094e690eaa_extracted\usr\lib\.build-id\ef\.wh.41d86f3c59f65f823a5cc8e143eacd88ad08e9
2025-12-09 19:09:48,229 - loggers.assessment_reader_logger - INFO - File empty: C:\license_assessments\extracted\ubi8-java8-assessment\my-ubi8-java8\blobs\sha256\ae25f9cb21ba728b911953a0e3b3e04889240cbe64143cce215621094e690eaa_extracted\usr\lib\.build-id\ea\.wh.ffb2f6afe1700fa6092a8d3e309ad302cc3afc
2025-12-09 19:09:48,229 - loggers.assessment_reader_logger - INFO - File empty: C:\license_assessments\extracted\ubi8-java8-assessment\my-ubi8-java8\blobs\sha256\ae25f9cb21ba728b911953a0e3b3e04889240cbe64143cce215621094e690eaa_extracted\usr\lib\.build-id\f0\.wh.52c35b14aca24e3ec80600c0579057dcea973f
2025-12-09 19:09:48,229 - loggers.assessment_reader_logger - INFO - File empty: C:\license_assessments\extracted\ubi8-java8-assessment\my-ubi8-java8\blobs\sha256\ae25f9cb21ba728b911953a0e3b3e04889240cbe64143cce215621094e690eaa_extracted\usr\lib\.build-id\f0\.wh.5a13ffbe28c0fa8330c919e58318a5fb37e109
2025-12-09 19:09:48,230 - loggers.assessment_reader_logger - INFO - File empty: C:\license_assessments\extracted\ubi8-java8-assessment\my-ubi8-java8\blobs\sha256\ae25f9cb21ba728b911953a0e3b3e04889240cbe64143cce215621094e690eaa_extracted\usr\lib\.build-id\f1\.wh.114635746e9810eed6a7923b2afd6a1a0e39f0
2025-12-09 19:09:48,230 - loggers.assessment_reader_logger - INFO - File empty: C:\license_assessments\extracted\ubi8-java8-assessment\my-ubi8-java8\blobs\sha256\ae25f9cb21ba728b911953a0e3b3e04889240cbe64143cce215621094e690eaa_extracted\usr\lib\.build-id\f1\.wh.81b333f8ed7bfb361b6c4babd6dbddf25d8b19
2025-12-09 19:09:48,230 - loggers.assessment_reader_logger - INFO - File empty: C:\license_assessments\extracted\ubi8-java8-assessment\my-ubi8-java8\blobs\sha256\ae25f9cb21ba728b911953a0e3b3e04889240cbe64143cce215621094e690eaa_extracted\usr\lib\.build-id\f2\.wh.bd90daf1efe47d7a93d69e0ad29e878febea54
2025-12-09 19:09:48,230 - loggers.assessment_reader_logger - INFO - File empty: C:\license_assessments\extracted\ubi8-java8-assessment\my-ubi8-java8\blobs\sha256\ae25f9cb21ba728b911953a0e3b3e04889240cbe64143cce215621094e690eaa_extracted\usr\lib\.build-id\f5\.wh.e51f71e7e718ef104e5dc886112dbb56fcea5c
2025-12-09 19:09:48,230 - loggers.assessment_reader_logger - INFO - File empty: C:\license_assessments\extracted\ubi8-java8-assessment\my-ubi8-java8\blobs\sha256\ae25f9cb21ba728b911953a0e3b3e04889240cbe64143cce215621094e690eaa_extracted\usr\lib\.build-id\f6\.wh.59dad3114dfb2eca4ba4cd0f7d9365f251b349
2025-12-09 19:09:48,230 - loggers.assessment_reader_logger - INFO - File empty: C:\license_assessments\extracted\ubi8-java8-assessment\my-ubi8-java8\blobs\sha256\ae25f9cb21ba728b911953a0e3b3e04889240cbe64143cce215621094e690eaa_extracted\usr\lib\.build-id\f8\.wh.f0aaa234d18bbfc18dce8aefd65afdfa8b23b1
2025-12-09 19:09:48,230 - loggers.assessment_reader_logger - INFO - File empty: C:\license_assessments\extracted\ubi8-java8-assessment\my-ubi8-java8\blobs\sha256\ae25f9cb21ba728b911953a0e3b3e04889240cbe64143cce215621094e690eaa_extracted\usr\lib\.build-id\f7\.wh.198ac6f5a58bd8d6d1c29496a3b03e79f62357
2025-12-09 19:09:48,230 - loggers.assessment_reader_logger - INFO - File empty: C:\license_assessments\extracted\ubi8-java8-assessment\my-ubi8-java8\blobs\sha256\ae25f9cb21ba728b911953a0e3b3e04889240cbe64143cce215621094e690eaa_extracted\usr\lib\.build-id\f2\.wh.0f7ef313ec05e19b3a3422dae2ae13ab797f51
2025-12-09 19:09:48,231 - loggers.assessment_reader_logger - INFO - File empty: C:\license_assessments\extracted\ubi8-java8-assessment\my-ubi8-java8\blobs\sha256\ae25f9cb21ba728b911953a0e3b3e04889240cbe64143cce215621094e690eaa_extracted\usr\lib\.build-id\fc\.wh.351386989e366504ea0df92fd95c0fac9783bd
2025-12-09 19:09:50,937 - loggers.assessment_reader_logger - INFO - File empty: C:\license_assessments\extracted\ubi8-java8-assessment\my-ubi8-java8\blobs\sha256\ae25f9cb21ba728b911953a0e3b3e04889240cbe64143cce215621094e690eaa_extracted\usr\lib\python3.6\site-packages\pip\operations\__init__.py
2025-12-09 19:09:50,963 - loggers.assessment_reader_logger - INFO - File empty: C:\license_assessments\extracted\ubi8-java8-assessment\my-ubi8-java8\blobs\sha256\ae25f9cb21ba728b911953a0e3b3e04889240cbe64143cce215621094e690eaa_extracted\usr\lib\python3.6\site-packages\pip\_vendor\html5lib\filters\__init__.py
2025-12-09 19:09:50,981 - loggers.assessment_reader_logger - INFO - File empty: C:\license_assessments\extracted\ubi8-java8-assessment\my-ubi8-java8\blobs\sha256\ae25f9cb21ba728b911953a0e3b3e04889240cbe64143cce215621094e690eaa_extracted\usr\lib\python3.6\site-packages\pip\_vendor\urllib3\contrib\__init__.py
2025-12-09 19:09:50,984 - loggers.assessment_reader_logger - INFO - File empty: C:\license_assessments\extracted\ubi8-java8-assessment\my-ubi8-java8\blobs\sha256\ae25f9cb21ba728b911953a0e3b3e04889240cbe64143cce215621094e690eaa_extracted\usr\lib\python3.6\site-packages\pip\_vendor\urllib3\contrib\_securetransport\__init__.py
2025-12-09 19:09:50,984 - loggers.assessment_reader_logger - INFO - File empty: C:\license_assessments\extracted\ubi8-java8-assessment\my-ubi8-java8\blobs\sha256\ae25f9cb21ba728b911953a0e3b3e04889240cbe64143cce215621094e690eaa_extracted\usr\lib\python3.6\site-packages\pip\_vendor\urllib3\packages\backports\__init__.py
2025-12-09 19:09:50,996 - loggers.assessment_reader_logger - INFO - File empty: C:\license_assessments\extracted\ubi8-java8-assessment\my-ubi8-java8\blobs\sha256\ae25f9cb21ba728b911953a0e3b3e04889240cbe64143cce215621094e690eaa_extracted\usr\lib\python3.6\site-packages\pkg_resources\_vendor\__init__.py
2025-12-09 19:09:51,005 - loggers.assessment_reader_logger - INFO - File empty: C:\license_assessments\extracted\ubi8-java8-assessment\my-ubi8-java8\blobs\sha256\ae25f9cb21ba728b911953a0e3b3e04889240cbe64143cce215621094e690eaa_extracted\usr\lib\python3.6\site-packages\setuptools\_vendor\__init__.py
2025-12-09 19:09:51,018 - loggers.assessment_reader_logger - INFO - File empty: C:\license_assessments\extracted\ubi8-java8-assessment\my-ubi8-java8\blobs\sha256\ae25f9cb21ba728b911953a0e3b3e04889240cbe64143cce215621094e690eaa_extracted\usr\lib\swidtag\redhat.com\.wh.com.redhat.RHEL-8.9-x86_64.swidtag
2025-12-09 19:09:51,059 - loggers.assessment_reader_logger - INFO - File empty: C:\license_assessments\extracted\ubi8-java8-assessment\my-ubi8-java8\blobs\sha256\ae25f9cb21ba728b911953a0e3b3e04889240cbe64143cce215621094e690eaa_extracted\usr\lib64\.wh.libelf-0.189.so
2025-12-09 19:09:51,359 - loggers.assessment_reader_logger - INFO - File empty: C:\license_assessments\extracted\ubi8-java8-assessment\my-ubi8-java8\blobs\sha256\ae25f9cb21ba728b911953a0e3b3e04889240cbe64143cce215621094e690eaa_extracted\usr\lib64\python3.6\email\mime\__init__.py
2025-12-09 19:09:51,460 - loggers.assessment_reader_logger - INFO - File empty: C:\license_assessments\extracted\ubi8-java8-assessment\my-ubi8-java8\blobs\sha256\ae25f9cb21ba728b911953a0e3b3e04889240cbe64143cce215621094e690eaa_extracted\usr\lib64\python3.6\pydoc_data\__init__.py
2025-12-09 19:09:51,467 - loggers.assessment_reader_logger - INFO - File empty: C:\license_assessments\extracted\ubi8-java8-assessment\my-ubi8-java8\blobs\sha256\ae25f9cb21ba728b911953a0e3b3e04889240cbe64143cce215621094e690eaa_extracted\usr\lib64\python3.6\urllib\__init__.py
2025-12-09 19:09:51,664 - loggers.assessment_reader_logger - INFO - File empty: C:\license_assessments\extracted\ubi8-java8-assessment\my-ubi8-java8\blobs\sha256\ae25f9cb21ba728b911953a0e3b3e04889240cbe64143cce215621094e690eaa_extracted\usr\share\locale\en_US\LC_MESSAGES\.wh.mit-krb5.mo
2025-12-09 19:09:51,723 - loggers.assessment_reader_logger - INFO - File empty: C:\license_assessments\extracted\ubi8-java8-assessment\my-ubi8-java8\blobs\sha256\ae25f9cb21ba728b911953a0e3b3e04889240cbe64143cce215621094e690eaa_extracted\usr\share\mime\icons
2025-12-09 19:09:51,796 - loggers.assessment_reader_logger - INFO - File empty: C:\license_assessments\extracted\ubi8-java8-assessment\my-ubi8-java8\blobs\sha256\ae25f9cb21ba728b911953a0e3b3e04889240cbe64143cce215621094e690eaa_extracted\usr\share\pki\ca-trust-legacy\ca-bundle.legacy.disable.crt
2025-12-09 19:09:51,797 - loggers.assessment_reader_logger - INFO - File empty: C:\license_assessments\extracted\ubi8-java8-assessment\my-ubi8-java8\blobs\sha256\ae25f9cb21ba728b911953a0e3b3e04889240cbe64143cce215621094e690eaa_extracted\usr\share\pki\ca-trust-legacy\ca-bundle.legacy.default.crt
2025-12-09 19:09:51,940 - loggers.assessment_reader_logger - INFO - File empty: C:\license_assessments\extracted\ubi8-java8-assessment\my-ubi8-java8\blobs\sha256\ae25f9cb21ba728b911953a0e3b3e04889240cbe64143cce215621094e690eaa_extracted\var\lib\rpm\.dbenv.lock
2025-12-09 19:09:51,941 - loggers.assessment_reader_logger - INFO - File empty: C:\license_assessments\extracted\ubi8-java8-assessment\my-ubi8-java8\blobs\sha256\ae25f9cb21ba728b911953a0e3b3e04889240cbe64143cce215621094e690eaa_extracted\var\lib\rpm\.rpm.lock
2025-12-09 19:09:51,947 - loggers.assessment_reader_logger - INFO - File empty: C:\license_assessments\extracted\ubi8-java8-assessment\my-ubi8-java8\blobs\sha256\ae25f9cb21ba728b911953a0e3b3e04889240cbe64143cce215621094e690eaa_extracted\var\log\btmp
2025-12-09 19:09:51,948 - loggers.assessment_reader_logger - INFO - File empty: C:\license_assessments\extracted\ubi8-java8-assessment\my-ubi8-java8\blobs\sha256\ae25f9cb21ba728b911953a0e3b3e04889240cbe64143cce215621094e690eaa_extracted\var\log\wtmp
